<?xml version="1.0" encoding="UTF-8"?>
<testng-results ignored="0" total="1" passed="1" failed="0" skipped="0">
  <reporter-output>
  </reporter-output>
  <suite started-at="2023-09-20T21:02:20 IST" name="Default suite" finished-at="2023-09-20T21:02:56 IST" duration-ms="35408">
    <groups>
    </groups>
    <test started-at="2023-09-20T21:02:20 IST" name="Default test" finished-at="2023-09-20T21:02:56 IST" duration-ms="35408">
      <class name="P2_Module1_Test.TestClass">
        <test-method is-config="true" signature="openBrowser()[pri:0, instance:P2_Module1_Test.TestClass@45099dd3]" started-at="2023-09-20T21:02:20 IST" name="openBrowser" finished-at="2023-09-20T21:02:38 IST" duration-ms="18024" status="PASS">
          <reporter-output>
          </reporter-output>
        </test-method> <!-- openBrowser -->
        <test-method signature="LoginToApp()[pri:0, instance:P2_Module1_Test.TestClass@45099dd3]" started-at="2023-09-20T21:02:38 IST" name="LoginToApp" finished-at="2023-09-20T21:02:56 IST" duration-ms="17319" status="PASS">
          <reporter-output>
          </reporter-output>
        </test-method> <!-- LoginToApp -->
      </class> <!-- P2_Module1_Test.TestClass -->
    </test> <!-- Default test -->
  </suite> <!-- Default suite -->
</testng-results>
